[10.138s] DEBUG:colcon:Command line arguments: ['/usr/bin/colcon', 'list', '-p', '--base-paths', '/root/ros2_ws']
[10.239s] DEBUG:colcon:Parsed command line arguments: Namespace(log_base=None, log_level=None, verb_name='list', build_base='build', ignore_user_meta=False, metas=['./colcon.meta'], base_paths=['/root/ros2_ws'], packages_ignore=None, packages_ignore_regex=None, paths=None, packages_up_to=None, packages_up_to_regex=None, packages_above=None, packages_above_and_dependencies=None, packages_above_depth=None, packages_select_by_dep=None, packages_skip_by_dep=None, packages_skip_up_to=None, packages_select_build_failed=False, packages_skip_build_finished=False, packages_select_test_failures=False, packages_skip_test_passed=False, packages_select=None, packages_skip=None, packages_select_regex=None, packages_skip_regex=None, packages_start=None, packages_end=None, allow_overriding=[], topological_order=False, names_only=False, paths_only=True, topological_graph=False, topological_graph_dot=False, topological_graph_density=False, topological_graph_legend=False, topological_graph_dot_cluster=False, topological_graph_dot_include_skipped=False, verb_parser=<colcon_defaults.argument_parser.defaults.DefaultArgumentsDecorator object at 0x7fc81182b640>, verb_extension=<colcon_package_information.verb.list.ListVerb object at 0x7fc81182a650>, main=<bound method ListVerb.main of <colcon_package_information.verb.list.ListVerb object at 0x7fc81182a650>>)
[11.050s] Level 1:colcon.colcon_core.package_discovery:discover_packages(colcon_meta) check parameters
[11.051s] Level 1:colcon.colcon_core.package_discovery:discover_packages(recursive) check parameters
[11.052s] Level 1:colcon.colcon_core.package_discovery:discover_packages(ignore) check parameters
[11.052s] Level 1:colcon.colcon_core.package_discovery:discover_packages(path) check parameters
[11.052s] Level 1:colcon.colcon_core.package_discovery:discover_packages(recursive) discover
[11.052s] INFO:colcon.colcon_core.package_discovery:Crawling recursively for packages in '/root/ros2_ws'
[11.053s] Level 1:colcon.colcon_core.package_identification:_identify(/root/ros2_ws) by extensions ['ignore', 'ignore_ament_install']
[11.056s] Level 1:colcon.colcon_core.package_identification:_identify(/root/ros2_ws) by extension 'ignore'
[11.062s] Level 1:colcon.colcon_core.package_identification:_identify(/root/ros2_ws) by extension 'ignore_ament_install'
[11.065s] Level 1:colcon.colcon_core.package_identification:_identify(/root/ros2_ws) by extensions ['colcon_pkg']
[11.065s] Level 1:colcon.colcon_core.package_identification:_identify(/root/ros2_ws) by extension 'colcon_pkg'
[11.066s] Level 1:colcon.colcon_core.package_identification:_identify(/root/ros2_ws) by extensions ['colcon_meta']
[11.066s] Level 1:colcon.colcon_core.package_identification:_identify(/root/ros2_ws) by extension 'colcon_meta'
[11.066s] Level 1:colcon.colcon_core.package_identification:_identify(/root/ros2_ws) by extensions ['ros']
[11.066s] Level 1:colcon.colcon_core.package_identification:_identify(/root/ros2_ws) by extension 'ros'
[11.431s] Level 1:colcon.colcon_core.package_identification:_identify(/root/ros2_ws) by extensions ['cmake', 'python']
[11.432s] Level 1:colcon.colcon_core.package_identification:_identify(/root/ros2_ws) by extension 'cmake'
[11.432s] Level 1:colcon.colcon_core.package_identification:_identify(/root/ros2_ws) by extension 'python'
[11.432s] Level 1:colcon.colcon_core.package_identification:_identify(/root/ros2_ws) by extensions ['python_setup_py']
[11.433s] Level 1:colcon.colcon_core.package_identification:_identify(/root/ros2_ws) by extension 'python_setup_py'
[11.435s] Level 1:colcon.colcon_core.package_identification:_identify(/root/ros2_ws/build) by extensions ['ignore', 'ignore_ament_install']
[11.438s] Level 1:colcon.colcon_core.package_identification:_identify(/root/ros2_ws/build) by extension 'ignore'
[11.441s] Level 1:colcon.colcon_core.package_identification:_identify(/root/ros2_ws/build) ignored
[11.443s] Level 1:colcon.colcon_core.package_identification:_identify(/root/ros2_ws/install) by extensions ['ignore', 'ignore_ament_install']
[11.445s] Level 1:colcon.colcon_core.package_identification:_identify(/root/ros2_ws/install) by extension 'ignore'
[11.446s] Level 1:colcon.colcon_core.package_identification:_identify(/root/ros2_ws/install) ignored
[11.448s] Level 1:colcon.colcon_core.package_identification:_identify(/root/ros2_ws/log) by extensions ['ignore', 'ignore_ament_install']
[11.449s] Level 1:colcon.colcon_core.package_identification:_identify(/root/ros2_ws/log) by extension 'ignore'
[11.449s] Level 1:colcon.colcon_core.package_identification:_identify(/root/ros2_ws/log) ignored
[11.450s] Level 1:colcon.colcon_core.package_identification:_identify(/root/ros2_ws/src) by extensions ['ignore', 'ignore_ament_install']
[11.450s] Level 1:colcon.colcon_core.package_identification:_identify(/root/ros2_ws/src) by extension 'ignore'
[11.451s] Level 1:colcon.colcon_core.package_identification:_identify(/root/ros2_ws/src) by extension 'ignore_ament_install'
[11.451s] Level 1:colcon.colcon_core.package_identification:_identify(/root/ros2_ws/src) by extensions ['colcon_pkg']
[11.451s] Level 1:colcon.colcon_core.package_identification:_identify(/root/ros2_ws/src) by extension 'colcon_pkg'
[11.451s] Level 1:colcon.colcon_core.package_identification:_identify(/root/ros2_ws/src) by extensions ['colcon_meta']
[11.461s] Level 1:colcon.colcon_core.package_identification:_identify(/root/ros2_ws/src) by extension 'colcon_meta'
[11.463s] Level 1:colcon.colcon_core.package_identification:_identify(/root/ros2_ws/src) by extensions ['ros']
[11.464s] Level 1:colcon.colcon_core.package_identification:_identify(/root/ros2_ws/src) by extension 'ros'
[11.465s] Level 1:colcon.colcon_core.package_identification:_identify(/root/ros2_ws/src) by extensions ['cmake', 'python']
[11.465s] Level 1:colcon.colcon_core.package_identification:_identify(/root/ros2_ws/src) by extension 'cmake'
[11.465s] Level 1:colcon.colcon_core.package_identification:_identify(/root/ros2_ws/src) by extension 'python'
[11.466s] Level 1:colcon.colcon_core.package_identification:_identify(/root/ros2_ws/src) by extensions ['python_setup_py']
[11.466s] Level 1:colcon.colcon_core.package_identification:_identify(/root/ros2_ws/src) by extension 'python_setup_py'
[11.467s] Level 1:colcon.colcon_core.package_identification:_identify(/root/ros2_ws/src/my_robot_controller) by extensions ['ignore', 'ignore_ament_install']
[11.467s] Level 1:colcon.colcon_core.package_identification:_identify(/root/ros2_ws/src/my_robot_controller) by extension 'ignore'
[11.468s] Level 1:colcon.colcon_core.package_identification:_identify(/root/ros2_ws/src/my_robot_controller) by extension 'ignore_ament_install'
[11.469s] Level 1:colcon.colcon_core.package_identification:_identify(/root/ros2_ws/src/my_robot_controller) by extensions ['colcon_pkg']
[11.469s] Level 1:colcon.colcon_core.package_identification:_identify(/root/ros2_ws/src/my_robot_controller) by extension 'colcon_pkg'
[11.470s] Level 1:colcon.colcon_core.package_identification:_identify(/root/ros2_ws/src/my_robot_controller) by extensions ['colcon_meta']
[11.470s] Level 1:colcon.colcon_core.package_identification:_identify(/root/ros2_ws/src/my_robot_controller) by extension 'colcon_meta'
[11.470s] Level 1:colcon.colcon_core.package_identification:_identify(/root/ros2_ws/src/my_robot_controller) by extensions ['ros']
[11.470s] Level 1:colcon.colcon_core.package_identification:_identify(/root/ros2_ws/src/my_robot_controller) by extension 'ros'
[11.522s] DEBUG:colcon.colcon_core.package_identification:Package '/root/ros2_ws/src/my_robot_controller' with type 'ros.ament_python' and name 'my_robot_controller'
[11.523s] Level 1:colcon.colcon_core.package_discovery:discover_packages(recursive) using defaults
