[1.899s] DEBUG:colcon:Command line arguments: ['/usr/bin/colcon', 'build']
[1.899s] DEBUG:colcon:Parsed command line arguments: Namespace(log_base=None, log_level=None, verb_name='build', build_base='build', install_base='install', merge_install=False, symlink_install=False, test_result_base=None, continue_on_error=False, executor='parallel', parallel_workers=8, event_handlers=None, ignore_user_meta=False, metas=['./colcon.meta'], base_paths=['.'], packages_ignore=None, packages_ignore_regex=None, paths=None, packages_up_to=None, packages_up_to_regex=None, packages_above=None, packages_above_and_dependencies=None, packages_above_depth=None, packages_select_by_dep=None, packages_skip_by_dep=None, packages_skip_up_to=None, packages_select_build_failed=False, packages_skip_build_finished=False, packages_select_test_failures=False, packages_skip_test_passed=False, packages_select=None, packages_skip=None, packages_select_regex=None, packages_skip_regex=None, packages_start=None, packages_end=None, allow_overriding=[], cmake_args=None, cmake_target=None, cmake_target_skip_unavailable=False, cmake_clean_cache=False, cmake_clean_first=False, cmake_force_configure=False, ament_cmake_args=None, catkin_cmake_args=None, catkin_skip_building_tests=False, verb_parser=<colcon_defaults.argument_parser.defaults.DefaultArgumentsDecorator object at 0x7f0789893a90>, verb_extension=<colcon_core.verb.build.BuildVerb object at 0x7f0789cfaf80>, main=<bound method BuildVerb.main of <colcon_core.verb.build.BuildVerb object at 0x7f0789cfaf80>>)
[2.006s] Level 1:colcon.colcon_core.package_discovery:discover_packages(colcon_meta) check parameters
[2.006s] Level 1:colcon.colcon_core.package_discovery:discover_packages(recursive) check parameters
[2.006s] Level 1:colcon.colcon_core.package_discovery:discover_packages(ignore) check parameters
[2.006s] Level 1:colcon.colcon_core.package_discovery:discover_packages(path) check parameters
[2.006s] Level 1:colcon.colcon_core.package_discovery:discover_packages(colcon_meta) discover
[2.006s] Level 1:colcon.colcon_core.package_discovery:discover_packages(recursive) discover
[2.006s] INFO:colcon.colcon_core.package_discovery:Crawling recursively for packages in '/root/ros2_ws'
[2.006s] Level 1:colcon.colcon_core.package_identification:_identify(.) by extensions ['ignore', 'ignore_ament_install']
[2.007s] Level 1:colcon.colcon_core.package_identification:_identify(.) by extension 'ignore'
[2.007s] Level 1:colcon.colcon_core.package_identification:_identify(.) by extension 'ignore_ament_install'
[2.007s] Level 1:colcon.colcon_core.package_identification:_identify(.) by extensions ['colcon_pkg']
[2.007s] Level 1:colcon.colcon_core.package_identification:_identify(.) by extension 'colcon_pkg'
[2.007s] Level 1:colcon.colcon_core.package_identification:_identify(.) by extensions ['colcon_meta']
[2.007s] Level 1:colcon.colcon_core.package_identification:_identify(.) by extension 'colcon_meta'
[2.007s] Level 1:colcon.colcon_core.package_identification:_identify(.) by extensions ['ros']
[2.007s] Level 1:colcon.colcon_core.package_identification:_identify(.) by extension 'ros'
[2.053s] Level 1:colcon.colcon_core.package_identification:_identify(.) by extensions ['cmake', 'python']
[2.053s] Level 1:colcon.colcon_core.package_identification:_identify(.) by extension 'cmake'
[2.053s] Level 1:colcon.colcon_core.package_identification:_identify(.) by extension 'python'
[2.053s] Level 1:colcon.colcon_core.package_identification:_identify(.) by extensions ['python_setup_py']
[2.053s] Level 1:colcon.colcon_core.package_identification:_identify(.) by extension 'python_setup_py'
[2.054s] Level 1:colcon.colcon_core.package_identification:_identify(build) by extensions ['ignore', 'ignore_ament_install']
[2.054s] Level 1:colcon.colcon_core.package_identification:_identify(build) by extension 'ignore'
[2.054s] Level 1:colcon.colcon_core.package_identification:_identify(build) ignored
[2.054s] Level 1:colcon.colcon_core.package_identification:_identify(install) by extensions ['ignore', 'ignore_ament_install']
[2.055s] Level 1:colcon.colcon_core.package_identification:_identify(install) by extension 'ignore'
[2.055s] Level 1:colcon.colcon_core.package_identification:_identify(install) ignored
[2.055s] Level 1:colcon.colcon_core.package_identification:_identify(log) by extensions ['ignore', 'ignore_ament_install']
[2.055s] Level 1:colcon.colcon_core.package_identification:_identify(log) by extension 'ignore'
[2.055s] Level 1:colcon.colcon_core.package_identification:_identify(log) ignored
[2.056s] Level 1:colcon.colcon_core.package_identification:_identify(src) by extensions ['ignore', 'ignore_ament_install']
[2.056s] Level 1:colcon.colcon_core.package_identification:_identify(src) by extension 'ignore'
[2.056s] Level 1:colcon.colcon_core.package_identification:_identify(src) by extension 'ignore_ament_install'
[2.057s] Level 1:colcon.colcon_core.package_identification:_identify(src) by extensions ['colcon_pkg']
[2.057s] Level 1:colcon.colcon_core.package_identification:_identify(src) by extension 'colcon_pkg'
[2.057s] Level 1:colcon.colcon_core.package_identification:_identify(src) by extensions ['colcon_meta']
[2.058s] Level 1:colcon.colcon_core.package_identification:_identify(src) by extension 'colcon_meta'
[2.058s] Level 1:colcon.colcon_core.package_identification:_identify(src) by extensions ['ros']
[2.058s] Level 1:colcon.colcon_core.package_identification:_identify(src) by extension 'ros'
[2.059s] Level 1:colcon.colcon_core.package_identification:_identify(src) by extensions ['cmake', 'python']
[2.059s] Level 1:colcon.colcon_core.package_identification:_identify(src) by extension 'cmake'
[2.059s] Level 1:colcon.colcon_core.package_identification:_identify(src) by extension 'python'
[2.059s] Level 1:colcon.colcon_core.package_identification:_identify(src) by extensions ['python_setup_py']
[2.059s] Level 1:colcon.colcon_core.package_identification:_identify(src) by extension 'python_setup_py'
[2.060s] Level 1:colcon.colcon_core.package_identification:_identify(src/my_robot_controller) by extensions ['ignore', 'ignore_ament_install']
[2.060s] Level 1:colcon.colcon_core.package_identification:_identify(src/my_robot_controller) by extension 'ignore'
[2.060s] Level 1:colcon.colcon_core.package_identification:_identify(src/my_robot_controller) by extension 'ignore_ament_install'
[2.060s] Level 1:colcon.colcon_core.package_identification:_identify(src/my_robot_controller) by extensions ['colcon_pkg']
[2.060s] Level 1:colcon.colcon_core.package_identification:_identify(src/my_robot_controller) by extension 'colcon_pkg'
[2.060s] Level 1:colcon.colcon_core.package_identification:_identify(src/my_robot_controller) by extensions ['colcon_meta']
[2.060s] Level 1:colcon.colcon_core.package_identification:_identify(src/my_robot_controller) by extension 'colcon_meta'
[2.060s] Level 1:colcon.colcon_core.package_identification:_identify(src/my_robot_controller) by extensions ['ros']
[2.060s] Level 1:colcon.colcon_core.package_identification:_identify(src/my_robot_controller) by extension 'ros'
[2.072s] DEBUG:colcon.colcon_core.package_identification:Package 'src/my_robot_controller' with type 'ros.ament_python' and name 'my_robot_controller'
[2.072s] Level 1:colcon.colcon_core.package_discovery:discover_packages(recursive) using defaults
[2.072s] Level 1:colcon.colcon_core.package_discovery:discover_packages(ignore) discover
[2.072s] Level 1:colcon.colcon_core.package_discovery:discover_packages(ignore) using defaults
[2.072s] Level 1:colcon.colcon_core.package_discovery:discover_packages(path) discover
[2.072s] Level 1:colcon.colcon_core.package_discovery:discover_packages(path) using defaults
[2.202s] Level 1:colcon.colcon_core.package_discovery:discover_packages(prefix_path) check parameters
[2.202s] Level 1:colcon.colcon_core.package_discovery:discover_packages(prefix_path) discover
[2.238s] DEBUG:colcon.colcon_installed_package_information.package_discovery:Found 1 installed packages in /root/ros2_ws/install
[2.265s] DEBUG:colcon.colcon_installed_package_information.package_discovery:Found 270 installed packages in /opt/ros/humble
[2.266s] Level 1:colcon.colcon_core.package_discovery:discover_packages(prefix_path) using defaults
[2.481s] Level 5:colcon.colcon_core.verb:set package 'my_robot_controller' build argument 'cmake_args' from command line to 'None'
[2.481s] Level 5:colcon.colcon_core.verb:set package 'my_robot_controller' build argument 'cmake_target' from command line to 'None'
[2.481s] Level 5:colcon.colcon_core.verb:set package 'my_robot_controller' build argument 'cmake_target_skip_unavailable' from command line to 'False'
[2.482s] Level 5:colcon.colcon_core.verb:set package 'my_robot_controller' build argument 'cmake_clean_cache' from command line to 'False'
[2.482s] Level 5:colcon.colcon_core.verb:set package 'my_robot_controller' build argument 'cmake_clean_first' from command line to 'False'
[2.482s] Level 5:colcon.colcon_core.verb:set package 'my_robot_controller' build argument 'cmake_force_configure' from command line to 'False'
[2.482s] Level 5:colcon.colcon_core.verb:set package 'my_robot_controller' build argument 'ament_cmake_args' from command line to 'None'
[2.482s] Level 5:colcon.colcon_core.verb:set package 'my_robot_controller' build argument 'catkin_cmake_args' from command line to 'None'
[2.482s] Level 5:colcon.colcon_core.verb:set package 'my_robot_controller' build argument 'catkin_skip_building_tests' from command line to 'False'
[2.482s] DEBUG:colcon.colcon_core.verb:Building package 'my_robot_controller' with the following arguments: {'ament_cmake_args': None, 'build_base': '/root/ros2_ws/build/my_robot_controller', 'catkin_cmake_args': None, 'catkin_skip_building_tests': False, 'cmake_args': None, 'cmake_clean_cache': False, 'cmake_clean_first': False, 'cmake_force_configure': False, 'cmake_target': None, 'cmake_target_skip_unavailable': False, 'install_base': '/root/ros2_ws/install/my_robot_controller', 'merge_install': False, 'path': '/root/ros2_ws/src/my_robot_controller', 'symlink_install': False, 'test_result_base': None}
[2.495s] INFO:colcon.colcon_core.executor:Executing jobs using 'parallel' executor
[2.517s] DEBUG:colcon.colcon_parallel_executor.executor.parallel:run_until_complete
[2.518s] INFO:colcon.colcon_ros.task.ament_python.build:Building ROS package in '/root/ros2_ws/src/my_robot_controller' with build type 'ament_python'
[2.518s] Level 1:colcon.colcon_core.shell:create_environment_hook('my_robot_controller', 'ament_prefix_path')
[2.551s] INFO:colcon.colcon_core.plugin_system:Skipping extension 'colcon_core.shell.bat': Not used on non-Windows systems
[2.552s] INFO:colcon.colcon_core.shell:Creating environment hook '/root/ros2_ws/install/my_robot_controller/share/my_robot_controller/hook/ament_prefix_path.ps1'
[2.556s] INFO:colcon.colcon_core.shell:Creating environment descriptor '/root/ros2_ws/install/my_robot_controller/share/my_robot_controller/hook/ament_prefix_path.dsv'
[2.557s] INFO:colcon.colcon_core.shell:Creating environment hook '/root/ros2_ws/install/my_robot_controller/share/my_robot_controller/hook/ament_prefix_path.sh'
[2.574s] INFO:colcon.colcon_core.shell:Skip shell extension 'powershell' for command environment: Not usable outside of PowerShell
[2.575s] DEBUG:colcon.colcon_core.shell:Skip shell extension 'dsv' for command environment
[3.381s] INFO:colcon.colcon_core.task.python.build:Building Python package in '/root/ros2_ws/src/my_robot_controller'
[3.395s] INFO:colcon.colcon_core.shell:Skip shell extension 'powershell' for command environment: Not usable outside of PowerShell
[3.395s] DEBUG:colcon.colcon_core.shell:Skip shell extension 'dsv' for command environment
[4.511s] DEBUG:colcon.colcon_core.event_handler.log_command:Invoking command in '/root/ros2_ws/src/my_robot_controller': PYTHONPATH=/root/ros2_ws/build/my_robot_controller/prefix_override:/root/ros2_ws/install/my_robot_controller/lib/python3.10/site-packages:${PYTHONPATH} /usr/bin/python3 setup.py egg_info --egg-base ../../build/my_robot_controller build --build-base /root/ros2_ws/build/my_robot_controller/build install --record /root/ros2_ws/build/my_robot_controller/install.log --single-version-externally-managed
[5.162s] DEBUG:colcon.colcon_core.event_handler.log_command:Invoked command in '/root/ros2_ws/src/my_robot_controller' returned '0': PYTHONPATH=/root/ros2_ws/build/my_robot_controller/prefix_override:/root/ros2_ws/install/my_robot_controller/lib/python3.10/site-packages:${PYTHONPATH} /usr/bin/python3 setup.py egg_info --egg-base ../../build/my_robot_controller build --build-base /root/ros2_ws/build/my_robot_controller/build install --record /root/ros2_ws/build/my_robot_controller/install.log --single-version-externally-managed
[5.198s] Level 1:colcon.colcon_core.environment:checking '/root/ros2_ws/install/my_robot_controller' for CMake module files
[5.199s] Level 1:colcon.colcon_core.environment:checking '/root/ros2_ws/install/my_robot_controller' for CMake config files
[5.203s] Level 1:colcon.colcon_core.environment:checking '/root/ros2_ws/install/my_robot_controller/lib'
[5.203s] Level 1:colcon.colcon_core.environment:checking '/root/ros2_ws/install/my_robot_controller/bin'
[5.203s] Level 1:colcon.colcon_core.environment:checking '/root/ros2_ws/install/my_robot_controller/lib/pkgconfig/my_robot_controller.pc'
[5.203s] Level 1:colcon.colcon_core.environment:checking '/root/ros2_ws/install/my_robot_controller/lib/python3.10/site-packages'
[5.203s] Level 1:colcon.colcon_core.shell:create_environment_hook('my_robot_controller', 'pythonpath')
[5.216s] INFO:colcon.colcon_core.shell:Creating environment hook '/root/ros2_ws/install/my_robot_controller/share/my_robot_controller/hook/pythonpath.ps1'
[5.218s] INFO:colcon.colcon_core.shell:Creating environment descriptor '/root/ros2_ws/install/my_robot_controller/share/my_robot_controller/hook/pythonpath.dsv'
[5.219s] INFO:colcon.colcon_core.shell:Creating environment hook '/root/ros2_ws/install/my_robot_controller/share/my_robot_controller/hook/pythonpath.sh'
[5.221s] Level 1:colcon.colcon_core.environment:checking '/root/ros2_ws/install/my_robot_controller/bin'
[5.222s] Level 1:colcon.colcon_core.environment:create_environment_scripts_only(my_robot_controller)
[5.236s] INFO:colcon.colcon_core.shell:Creating package script '/root/ros2_ws/install/my_robot_controller/share/my_robot_controller/package.ps1'
[5.239s] INFO:colcon.colcon_core.shell:Creating package descriptor '/root/ros2_ws/install/my_robot_controller/share/my_robot_controller/package.dsv'
[5.240s] INFO:colcon.colcon_core.shell:Creating package script '/root/ros2_ws/install/my_robot_controller/share/my_robot_controller/package.sh'
[5.245s] INFO:colcon.colcon_core.shell:Creating package script '/root/ros2_ws/install/my_robot_controller/share/my_robot_controller/package.bash'
[5.249s] INFO:colcon.colcon_core.shell:Creating package script '/root/ros2_ws/install/my_robot_controller/share/my_robot_controller/package.zsh'
[5.250s] Level 1:colcon.colcon_core.environment:create_file_with_runtime_dependencies(/root/ros2_ws/install/my_robot_controller/share/colcon-core/packages/my_robot_controller)
[5.252s] DEBUG:colcon.colcon_parallel_executor.executor.parallel:closing loop
[5.253s] DEBUG:colcon.colcon_parallel_executor.executor.parallel:loop closed
[5.254s] DEBUG:colcon.colcon_parallel_executor.executor.parallel:run_until_complete finished with '0'
[5.254s] DEBUG:colcon.colcon_core.event_reactor:joining thread
[5.477s] INFO:colcon.colcon_core.plugin_system:Skipping extension 'colcon_notification.desktop_notification.notify_send': Could not find 'notify-send'
[5.477s] INFO:colcon.colcon_core.plugin_system:Skipping extension 'colcon_notification.desktop_notification.terminal_notifier': Not used on non-Darwin systems
[5.477s] INFO:colcon.colcon_core.plugin_system:Skipping extension 'colcon_notification.desktop_notification.win32': Not used on non-Windows systems
[5.477s] INFO:colcon.colcon_notification.desktop_notification:Sending desktop notification using 'notify2'
[5.579s] DEBUG:colcon.colcon_notification.desktop_notification.notify2:Failed to initialize notify2: org.freedesktop.DBus.Error.ServiceUnknown: The name org.freedesktop.Notifications was not provided by any .service files
[5.579s] DEBUG:colcon.colcon_core.event_reactor:joined thread
[5.598s] INFO:colcon.colcon_core.shell:Creating prefix script '/root/ros2_ws/install/local_setup.ps1'
[5.601s] INFO:colcon.colcon_core.shell:Creating prefix util module '/root/ros2_ws/install/_local_setup_util_ps1.py'
[5.605s] INFO:colcon.colcon_core.shell:Creating prefix chain script '/root/ros2_ws/install/setup.ps1'
[5.620s] INFO:colcon.colcon_core.shell:Creating prefix script '/root/ros2_ws/install/local_setup.sh'
[5.622s] INFO:colcon.colcon_core.shell:Creating prefix util module '/root/ros2_ws/install/_local_setup_util_sh.py'
[5.624s] INFO:colcon.colcon_core.shell:Creating prefix chain script '/root/ros2_ws/install/setup.sh'
[5.639s] INFO:colcon.colcon_core.shell:Creating prefix script '/root/ros2_ws/install/local_setup.bash'
[5.640s] INFO:colcon.colcon_core.shell:Creating prefix chain script '/root/ros2_ws/install/setup.bash'
[5.654s] INFO:colcon.colcon_core.shell:Creating prefix script '/root/ros2_ws/install/local_setup.zsh'
[5.657s] INFO:colcon.colcon_core.shell:Creating prefix chain script '/root/ros2_ws/install/setup.zsh'
