[2.995s] DEBUG:colcon:Command line arguments: ['/usr/bin/colcon', 'build', '--symlink-install']
[2.995s] DEBUG:colcon:Parsed command line arguments: Namespace(log_base=None, log_level=None, verb_name='build', build_base='build', install_base='install', merge_install=False, symlink_install=True, test_result_base=None, continue_on_error=False, executor='parallel', parallel_workers=8, event_handlers=None, ignore_user_meta=False, metas=['./colcon.meta'], base_paths=['.'], packages_ignore=None, packages_ignore_regex=None, paths=None, packages_up_to=None, packages_up_to_regex=None, packages_above=None, packages_above_and_dependencies=None, packages_above_depth=None, packages_select_by_dep=None, packages_skip_by_dep=None, packages_skip_up_to=None, packages_select_build_failed=False, packages_skip_build_finished=False, packages_select_test_failures=False, packages_skip_test_passed=False, packages_select=None, packages_skip=None, packages_select_regex=None, packages_skip_regex=None, packages_start=None, packages_end=None, allow_overriding=[], cmake_args=None, cmake_target=None, cmake_target_skip_unavailable=False, cmake_clean_cache=False, cmake_clean_first=False, cmake_force_configure=False, ament_cmake_args=None, catkin_cmake_args=None, catkin_skip_building_tests=False, verb_parser=<colcon_defaults.argument_parser.defaults.DefaultArgumentsDecorator object at 0x7fd98ebcfd90>, verb_extension=<colcon_core.verb.build.BuildVerb object at 0x7fd98f067d30>, main=<bound method BuildVerb.main of <colcon_core.verb.build.BuildVerb object at 0x7fd98f067d30>>)
[3.245s] Level 1:colcon.colcon_core.package_discovery:discover_packages(colcon_meta) check parameters
[3.245s] Level 1:colcon.colcon_core.package_discovery:discover_packages(recursive) check parameters
[3.245s] Level 1:colcon.colcon_core.package_discovery:discover_packages(ignore) check parameters
[3.245s] Level 1:colcon.colcon_core.package_discovery:discover_packages(path) check parameters
[3.245s] Level 1:colcon.colcon_core.package_discovery:discover_packages(colcon_meta) discover
[3.245s] Level 1:colcon.colcon_core.package_discovery:discover_packages(recursive) discover
[3.245s] INFO:colcon.colcon_core.package_discovery:Crawling recursively for packages in '/root/ros2_ws'
[3.246s] Level 1:colcon.colcon_core.package_identification:_identify(.) by extensions ['ignore', 'ignore_ament_install']
[3.247s] Level 1:colcon.colcon_core.package_identification:_identify(.) by extension 'ignore'
[3.247s] Level 1:colcon.colcon_core.package_identification:_identify(.) by extension 'ignore_ament_install'
[3.247s] Level 1:colcon.colcon_core.package_identification:_identify(.) by extensions ['colcon_pkg']
[3.247s] Level 1:colcon.colcon_core.package_identification:_identify(.) by extension 'colcon_pkg'
[3.247s] Level 1:colcon.colcon_core.package_identification:_identify(.) by extensions ['colcon_meta']
[3.247s] Level 1:colcon.colcon_core.package_identification:_identify(.) by extension 'colcon_meta'
[3.247s] Level 1:colcon.colcon_core.package_identification:_identify(.) by extensions ['ros']
[3.247s] Level 1:colcon.colcon_core.package_identification:_identify(.) by extension 'ros'
[3.351s] Level 1:colcon.colcon_core.package_identification:_identify(.) by extensions ['cmake', 'python']
[3.351s] Level 1:colcon.colcon_core.package_identification:_identify(.) by extension 'cmake'
[3.352s] Level 1:colcon.colcon_core.package_identification:_identify(.) by extension 'python'
[3.352s] Level 1:colcon.colcon_core.package_identification:_identify(.) by extensions ['python_setup_py']
[3.352s] Level 1:colcon.colcon_core.package_identification:_identify(.) by extension 'python_setup_py'
[3.352s] Level 1:colcon.colcon_core.package_identification:_identify(build) by extensions ['ignore', 'ignore_ament_install']
[3.352s] Level 1:colcon.colcon_core.package_identification:_identify(build) by extension 'ignore'
[3.352s] Level 1:colcon.colcon_core.package_identification:_identify(build) ignored
[3.353s] Level 1:colcon.colcon_core.package_identification:_identify(install) by extensions ['ignore', 'ignore_ament_install']
[3.353s] Level 1:colcon.colcon_core.package_identification:_identify(install) by extension 'ignore'
[3.353s] Level 1:colcon.colcon_core.package_identification:_identify(install) ignored
[3.353s] Level 1:colcon.colcon_core.package_identification:_identify(log) by extensions ['ignore', 'ignore_ament_install']
[3.354s] Level 1:colcon.colcon_core.package_identification:_identify(log) by extension 'ignore'
[3.354s] Level 1:colcon.colcon_core.package_identification:_identify(log) ignored
[3.355s] Level 1:colcon.colcon_core.package_identification:_identify(src) by extensions ['ignore', 'ignore_ament_install']
[3.355s] Level 1:colcon.colcon_core.package_identification:_identify(src) by extension 'ignore'
[3.355s] Level 1:colcon.colcon_core.package_identification:_identify(src) by extension 'ignore_ament_install'
[3.355s] Level 1:colcon.colcon_core.package_identification:_identify(src) by extensions ['colcon_pkg']
[3.355s] Level 1:colcon.colcon_core.package_identification:_identify(src) by extension 'colcon_pkg'
[3.355s] Level 1:colcon.colcon_core.package_identification:_identify(src) by extensions ['colcon_meta']
[3.355s] Level 1:colcon.colcon_core.package_identification:_identify(src) by extension 'colcon_meta'
[3.355s] Level 1:colcon.colcon_core.package_identification:_identify(src) by extensions ['ros']
[3.355s] Level 1:colcon.colcon_core.package_identification:_identify(src) by extension 'ros'
[3.356s] Level 1:colcon.colcon_core.package_identification:_identify(src) by extensions ['cmake', 'python']
[3.356s] Level 1:colcon.colcon_core.package_identification:_identify(src) by extension 'cmake'
[3.356s] Level 1:colcon.colcon_core.package_identification:_identify(src) by extension 'python'
[3.356s] Level 1:colcon.colcon_core.package_identification:_identify(src) by extensions ['python_setup_py']
[3.356s] Level 1:colcon.colcon_core.package_identification:_identify(src) by extension 'python_setup_py'
[3.358s] Level 1:colcon.colcon_core.package_identification:_identify(src/my_robot_controller) by extensions ['ignore', 'ignore_ament_install']
[3.359s] Level 1:colcon.colcon_core.package_identification:_identify(src/my_robot_controller) by extension 'ignore'
[3.360s] Level 1:colcon.colcon_core.package_identification:_identify(src/my_robot_controller) by extension 'ignore_ament_install'
[3.360s] Level 1:colcon.colcon_core.package_identification:_identify(src/my_robot_controller) by extensions ['colcon_pkg']
[3.361s] Level 1:colcon.colcon_core.package_identification:_identify(src/my_robot_controller) by extension 'colcon_pkg'
[3.361s] Level 1:colcon.colcon_core.package_identification:_identify(src/my_robot_controller) by extensions ['colcon_meta']
[3.361s] Level 1:colcon.colcon_core.package_identification:_identify(src/my_robot_controller) by extension 'colcon_meta'
[3.361s] Level 1:colcon.colcon_core.package_identification:_identify(src/my_robot_controller) by extensions ['ros']
[3.361s] Level 1:colcon.colcon_core.package_identification:_identify(src/my_robot_controller) by extension 'ros'
[3.378s] DEBUG:colcon.colcon_core.package_identification:Package 'src/my_robot_controller' with type 'ros.ament_python' and name 'my_robot_controller'
[3.379s] Level 1:colcon.colcon_core.package_discovery:discover_packages(recursive) using defaults
[3.379s] Level 1:colcon.colcon_core.package_discovery:discover_packages(ignore) discover
[3.379s] Level 1:colcon.colcon_core.package_discovery:discover_packages(ignore) using defaults
[3.379s] Level 1:colcon.colcon_core.package_discovery:discover_packages(path) discover
[3.379s] Level 1:colcon.colcon_core.package_discovery:discover_packages(path) using defaults
[3.640s] Level 1:colcon.colcon_core.package_discovery:discover_packages(prefix_path) check parameters
[3.640s] Level 1:colcon.colcon_core.package_discovery:discover_packages(prefix_path) discover
[3.680s] DEBUG:colcon.colcon_installed_package_information.package_discovery:Found 1 installed packages in /root/ros2_ws/install
[3.700s] DEBUG:colcon.colcon_installed_package_information.package_discovery:Found 270 installed packages in /opt/ros/humble
[3.703s] Level 1:colcon.colcon_core.package_discovery:discover_packages(prefix_path) using defaults
[4.031s] Level 5:colcon.colcon_core.verb:set package 'my_robot_controller' build argument 'cmake_args' from command line to 'None'
[4.031s] Level 5:colcon.colcon_core.verb:set package 'my_robot_controller' build argument 'cmake_target' from command line to 'None'
[4.031s] Level 5:colcon.colcon_core.verb:set package 'my_robot_controller' build argument 'cmake_target_skip_unavailable' from command line to 'False'
[4.031s] Level 5:colcon.colcon_core.verb:set package 'my_robot_controller' build argument 'cmake_clean_cache' from command line to 'False'
[4.031s] Level 5:colcon.colcon_core.verb:set package 'my_robot_controller' build argument 'cmake_clean_first' from command line to 'False'
[4.031s] Level 5:colcon.colcon_core.verb:set package 'my_robot_controller' build argument 'cmake_force_configure' from command line to 'False'
[4.031s] Level 5:colcon.colcon_core.verb:set package 'my_robot_controller' build argument 'ament_cmake_args' from command line to 'None'
[4.031s] Level 5:colcon.colcon_core.verb:set package 'my_robot_controller' build argument 'catkin_cmake_args' from command line to 'None'
[4.031s] Level 5:colcon.colcon_core.verb:set package 'my_robot_controller' build argument 'catkin_skip_building_tests' from command line to 'False'
[4.031s] DEBUG:colcon.colcon_core.verb:Building package 'my_robot_controller' with the following arguments: {'ament_cmake_args': None, 'build_base': '/root/ros2_ws/build/my_robot_controller', 'catkin_cmake_args': None, 'catkin_skip_building_tests': False, 'cmake_args': None, 'cmake_clean_cache': False, 'cmake_clean_first': False, 'cmake_force_configure': False, 'cmake_target': None, 'cmake_target_skip_unavailable': False, 'install_base': '/root/ros2_ws/install/my_robot_controller', 'merge_install': False, 'path': '/root/ros2_ws/src/my_robot_controller', 'symlink_install': True, 'test_result_base': None}
[4.044s] INFO:colcon.colcon_core.executor:Executing jobs using 'parallel' executor
[4.063s] DEBUG:colcon.colcon_parallel_executor.executor.parallel:run_until_complete
[4.064s] INFO:colcon.colcon_ros.task.ament_python.build:Building ROS package in '/root/ros2_ws/src/my_robot_controller' with build type 'ament_python'
[4.065s] Level 1:colcon.colcon_core.shell:create_environment_hook('my_robot_controller', 'ament_prefix_path')
[4.099s] INFO:colcon.colcon_core.plugin_system:Skipping extension 'colcon_core.shell.bat': Not used on non-Windows systems
[4.099s] INFO:colcon.colcon_core.shell:Creating environment hook '/root/ros2_ws/install/my_robot_controller/share/my_robot_controller/hook/ament_prefix_path.ps1'
[4.105s] INFO:colcon.colcon_core.shell:Creating environment descriptor '/root/ros2_ws/install/my_robot_controller/share/my_robot_controller/hook/ament_prefix_path.dsv'
[4.108s] INFO:colcon.colcon_core.shell:Creating environment hook '/root/ros2_ws/install/my_robot_controller/share/my_robot_controller/hook/ament_prefix_path.sh'
[4.121s] INFO:colcon.colcon_core.shell:Skip shell extension 'powershell' for command environment: Not usable outside of PowerShell
[4.121s] DEBUG:colcon.colcon_core.shell:Skip shell extension 'dsv' for command environment
[4.987s] INFO:colcon.colcon_core.task.python.build:Building Python package in '/root/ros2_ws/src/my_robot_controller'
[5.001s] INFO:colcon.colcon_core.shell:Skip shell extension 'powershell' for command environment: Not usable outside of PowerShell
[5.002s] DEBUG:colcon.colcon_core.shell:Skip shell extension 'dsv' for command environment
[5.797s] DEBUG:colcon.colcon_core.event_handler.log_command:Invoking command in '/root/ros2_ws/build/my_robot_controller': PYTHONPATH=/root/ros2_ws/build/my_robot_controller/prefix_override:/root/ros2_ws/install/my_robot_controller/lib/python3.10/site-packages:${PYTHONPATH} /usr/bin/python3 setup.py develop --editable --build-directory /root/ros2_ws/build/my_robot_controller/build --no-deps install_data
[6.419s] Level 1:colcon.colcon_core.shell:create_environment_hook('my_robot_controller', 'pythonpath_develop')
[6.420s] DEBUG:colcon.colcon_core.event_handler.log_command:Invoked command in '/root/ros2_ws/build/my_robot_controller' returned '0': PYTHONPATH=/root/ros2_ws/build/my_robot_controller/prefix_override:/root/ros2_ws/install/my_robot_controller/lib/python3.10/site-packages:${PYTHONPATH} /usr/bin/python3 setup.py develop --editable --build-directory /root/ros2_ws/build/my_robot_controller/build --no-deps install_data
[6.443s] INFO:colcon.colcon_core.shell:Creating environment hook '/root/ros2_ws/build/my_robot_controller/share/my_robot_controller/hook/pythonpath_develop.ps1'
[6.446s] INFO:colcon.colcon_core.shell:Creating environment descriptor '/root/ros2_ws/build/my_robot_controller/share/my_robot_controller/hook/pythonpath_develop.dsv'
[6.448s] INFO:colcon.colcon_core.shell:Creating environment hook '/root/ros2_ws/build/my_robot_controller/share/my_robot_controller/hook/pythonpath_develop.sh'
[6.487s] Level 1:colcon.colcon_core.environment:checking '/root/ros2_ws/install/my_robot_controller' for CMake module files
[6.488s] Level 1:colcon.colcon_core.environment:checking '/root/ros2_ws/install/my_robot_controller' for CMake config files
[6.497s] Level 1:colcon.colcon_core.environment:checking '/root/ros2_ws/install/my_robot_controller/lib'
[6.498s] Level 1:colcon.colcon_core.environment:checking '/root/ros2_ws/install/my_robot_controller/bin'
[6.498s] Level 1:colcon.colcon_core.environment:checking '/root/ros2_ws/install/my_robot_controller/lib/pkgconfig/my_robot_controller.pc'
[6.498s] Level 1:colcon.colcon_core.environment:checking '/root/ros2_ws/install/my_robot_controller/lib/python3.10/site-packages'
[6.498s] Level 1:colcon.colcon_core.shell:create_environment_hook('my_robot_controller', 'pythonpath')
[6.516s] INFO:colcon.colcon_core.shell:Creating environment hook '/root/ros2_ws/install/my_robot_controller/share/my_robot_controller/hook/pythonpath.ps1'
[6.517s] INFO:colcon.colcon_core.shell:Creating environment descriptor '/root/ros2_ws/install/my_robot_controller/share/my_robot_controller/hook/pythonpath.dsv'
[6.518s] INFO:colcon.colcon_core.shell:Creating environment hook '/root/ros2_ws/install/my_robot_controller/share/my_robot_controller/hook/pythonpath.sh'
[6.519s] Level 1:colcon.colcon_core.environment:checking '/root/ros2_ws/install/my_robot_controller/bin'
[6.519s] Level 1:colcon.colcon_core.environment:create_environment_scripts_only(my_robot_controller)
[6.535s] INFO:colcon.colcon_core.shell:Creating package script '/root/ros2_ws/install/my_robot_controller/share/my_robot_controller/package.ps1'
[6.537s] INFO:colcon.colcon_core.shell:Creating package descriptor '/root/ros2_ws/install/my_robot_controller/share/my_robot_controller/package.dsv'
[6.538s] INFO:colcon.colcon_core.shell:Creating package script '/root/ros2_ws/install/my_robot_controller/share/my_robot_controller/package.sh'
[6.542s] INFO:colcon.colcon_core.shell:Creating package script '/root/ros2_ws/install/my_robot_controller/share/my_robot_controller/package.bash'
[6.545s] INFO:colcon.colcon_core.shell:Creating package script '/root/ros2_ws/install/my_robot_controller/share/my_robot_controller/package.zsh'
[6.546s] Level 1:colcon.colcon_core.environment:create_file_with_runtime_dependencies(/root/ros2_ws/install/my_robot_controller/share/colcon-core/packages/my_robot_controller)
[6.548s] DEBUG:colcon.colcon_parallel_executor.executor.parallel:closing loop
[6.549s] DEBUG:colcon.colcon_parallel_executor.executor.parallel:loop closed
[6.549s] DEBUG:colcon.colcon_parallel_executor.executor.parallel:run_until_complete finished with '0'
[6.549s] DEBUG:colcon.colcon_core.event_reactor:joining thread
[6.774s] INFO:colcon.colcon_core.plugin_system:Skipping extension 'colcon_notification.desktop_notification.notify_send': Could not find 'notify-send'
[6.774s] INFO:colcon.colcon_core.plugin_system:Skipping extension 'colcon_notification.desktop_notification.terminal_notifier': Not used on non-Darwin systems
[6.774s] INFO:colcon.colcon_core.plugin_system:Skipping extension 'colcon_notification.desktop_notification.win32': Not used on non-Windows systems
[6.775s] INFO:colcon.colcon_notification.desktop_notification:Sending desktop notification using 'notify2'
[6.934s] DEBUG:colcon.colcon_notification.desktop_notification.notify2:Failed to initialize notify2: org.freedesktop.DBus.Error.ServiceUnknown: The name org.freedesktop.Notifications was not provided by any .service files
[6.935s] DEBUG:colcon.colcon_core.event_reactor:joined thread
[6.949s] INFO:colcon.colcon_core.shell:Creating prefix script '/root/ros2_ws/install/local_setup.ps1'
[6.952s] INFO:colcon.colcon_core.shell:Creating prefix util module '/root/ros2_ws/install/_local_setup_util_ps1.py'
[6.954s] INFO:colcon.colcon_core.shell:Creating prefix chain script '/root/ros2_ws/install/setup.ps1'
[6.978s] INFO:colcon.colcon_core.shell:Creating prefix script '/root/ros2_ws/install/local_setup.sh'
[6.980s] INFO:colcon.colcon_core.shell:Creating prefix util module '/root/ros2_ws/install/_local_setup_util_sh.py'
[6.981s] INFO:colcon.colcon_core.shell:Creating prefix chain script '/root/ros2_ws/install/setup.sh'
[6.999s] INFO:colcon.colcon_core.shell:Creating prefix script '/root/ros2_ws/install/local_setup.bash'
[7.000s] INFO:colcon.colcon_core.shell:Creating prefix chain script '/root/ros2_ws/install/setup.bash'
[7.017s] INFO:colcon.colcon_core.shell:Creating prefix script '/root/ros2_ws/install/local_setup.zsh'
[7.021s] INFO:colcon.colcon_core.shell:Creating prefix chain script '/root/ros2_ws/install/setup.zsh'
