[0.770s] Invoking command in '/root/ros2_ws/src/my_robot_controller': PYTHONPATH=/root/ros2_ws/build/my_robot_controller/prefix_override:/root/ros2_ws/install/my_robot_controller/lib/python3.10/site-packages:${PYTHONPATH} /usr/bin/python3 setup.py egg_info --egg-base ../../build/my_robot_controller build --build-base /root/ros2_ws/build/my_robot_controller/build install --record /root/ros2_ws/build/my_robot_controller/install.log --single-version-externally-managed
[0.990s] running egg_info
[0.990s] writing ../../build/my_robot_controller/my_robot_controller.egg-info/PKG-INFO
[0.991s] writing dependency_links to ../../build/my_robot_controller/my_robot_controller.egg-info/dependency_links.txt
[0.992s] writing entry points to ../../build/my_robot_controller/my_robot_controller.egg-info/entry_points.txt
[0.992s] writing requirements to ../../build/my_robot_controller/my_robot_controller.egg-info/requires.txt
[0.993s] writing top-level names to ../../build/my_robot_controller/my_robot_controller.egg-info/top_level.txt
[0.996s] reading manifest file '../../build/my_robot_controller/my_robot_controller.egg-info/SOURCES.txt'
[0.997s] writing manifest file '../../build/my_robot_controller/my_robot_controller.egg-info/SOURCES.txt'
[0.998s] running build
[0.999s] running build_py
[0.999s] running install
[0.999s] running install_lib
[1.000s] running install_data
[1.001s] running install_egg_info
[1.003s] removing '/root/ros2_ws/install/my_robot_controller/lib/python3.10/site-packages/my_robot_controller-0.0.0-py3.10.egg-info' (and everything under it)
[1.009s] Copying ../../build/my_robot_controller/my_robot_controller.egg-info to /root/ros2_ws/install/my_robot_controller/lib/python3.10/site-packages/my_robot_controller-0.0.0-py3.10.egg-info
[1.011s] running install_scripts
[1.033s] writing list of installed files to '/root/ros2_ws/build/my_robot_controller/install.log'
[1.065s] Invoked command in '/root/ros2_ws/src/my_robot_controller' returned '0': PYTHONPATH=/root/ros2_ws/build/my_robot_controller/prefix_override:/root/ros2_ws/install/my_robot_controller/lib/python3.10/site-packages:${PYTHONPATH} /usr/bin/python3 setup.py egg_info --egg-base ../../build/my_robot_controller build --build-base /root/ros2_ws/build/my_robot_controller/build install --record /root/ros2_ws/build/my_robot_controller/install.log --single-version-externally-managed
