[2.577s] Invoking command in '/root/ros2_ws/src/my_robot_controller': PYTHONPATH=/root/ros2_ws/build/my_robot_controller/prefix_override:/root/ros2_ws/install/my_robot_controller/lib/python3.10/site-packages:${PYTHONPATH} /usr/bin/python3 setup.py egg_info --egg-base ../../build/my_robot_controller build --build-base /root/ros2_ws/build/my_robot_controller/build install --record /root/ros2_ws/build/my_robot_controller/install.log --single-version-externally-managed
[3.079s] running egg_info
[3.080s] writing ../../build/my_robot_controller/my_robot_controller.egg-info/PKG-INFO
[3.084s] writing dependency_links to ../../build/my_robot_controller/my_robot_controller.egg-info/dependency_links.txt
[3.085s] writing entry points to ../../build/my_robot_controller/my_robot_controller.egg-info/entry_points.txt
[3.085s] writing requirements to ../../build/my_robot_controller/my_robot_controller.egg-info/requires.txt
[3.085s] writing top-level names to ../../build/my_robot_controller/my_robot_controller.egg-info/top_level.txt
[3.088s] reading manifest file '../../build/my_robot_controller/my_robot_controller.egg-info/SOURCES.txt'
[3.090s] writing manifest file '../../build/my_robot_controller/my_robot_controller.egg-info/SOURCES.txt'
[3.091s] running build
[3.091s] running build_py
[3.094s] copying my_robot_controller/my_first_node.py -> /root/ros2_ws/build/my_robot_controller/build/lib/my_robot_controller
[3.094s] running install
[3.095s] running install_lib
[3.097s] copying /root/ros2_ws/build/my_robot_controller/build/lib/my_robot_controller/my_first_node.py -> /root/ros2_ws/install/my_robot_controller/lib/python3.10/site-packages/my_robot_controller
[3.103s] byte-compiling /root/ros2_ws/install/my_robot_controller/lib/python3.10/site-packages/my_robot_controller/my_first_node.py to my_first_node.cpython-310.pyc
[3.105s] running install_data
[3.110s] running install_egg_info
[3.111s] removing '/root/ros2_ws/install/my_robot_controller/lib/python3.10/site-packages/my_robot_controller-0.0.0-py3.10.egg-info' (and everything under it)
[3.119s] Copying ../../build/my_robot_controller/my_robot_controller.egg-info to /root/ros2_ws/install/my_robot_controller/lib/python3.10/site-packages/my_robot_controller-0.0.0-py3.10.egg-info
[3.125s] running install_scripts
[3.171s] Installing test_node script to /root/ros2_ws/install/my_robot_controller/lib/my_robot_controller
[3.174s] writing list of installed files to '/root/ros2_ws/build/my_robot_controller/install.log'
[3.241s] Invoked command in '/root/ros2_ws/src/my_robot_controller' returned '0': PYTHONPATH=/root/ros2_ws/build/my_robot_controller/prefix_override:/root/ros2_ws/install/my_robot_controller/lib/python3.10/site-packages:${PYTHONPATH} /usr/bin/python3 setup.py egg_info --egg-base ../../build/my_robot_controller build --build-base /root/ros2_ws/build/my_robot_controller/build install --record /root/ros2_ws/build/my_robot_controller/install.log --single-version-externally-managed
