[4.055s] DEBUG:colcon:Command line arguments: ['/usr/bin/colcon', 'build']
[4.056s] DEBUG:colcon:Parsed command line arguments: Namespace(log_base=None, log_level=None, verb_name='build', build_base='build', install_base='install', merge_install=False, symlink_install=False, test_result_base=None, continue_on_error=False, executor='parallel', parallel_workers=8, event_handlers=None, ignore_user_meta=False, metas=['./colcon.meta'], base_paths=['.'], packages_ignore=None, packages_ignore_regex=None, paths=None, packages_up_to=None, packages_up_to_regex=None, packages_above=None, packages_above_and_dependencies=None, packages_above_depth=None, packages_select_by_dep=None, packages_skip_by_dep=None, packages_skip_up_to=None, packages_select_build_failed=False, packages_skip_build_finished=False, packages_select_test_failures=False, packages_skip_test_passed=False, packages_select=None, packages_skip=None, packages_select_regex=None, packages_skip_regex=None, packages_start=None, packages_end=None, allow_overriding=[], cmake_args=None, cmake_target=None, cmake_target_skip_unavailable=False, cmake_clean_cache=False, cmake_clean_first=False, cmake_force_configure=False, ament_cmake_args=None, catkin_cmake_args=None, catkin_skip_building_tests=False, verb_parser=<colcon_defaults.argument_parser.defaults.DefaultArgumentsDecorator object at 0x7f11994721a0>, verb_extension=<colcon_core.verb.build.BuildVerb object at 0x7f119990ef80>, main=<bound method BuildVerb.main of <colcon_core.verb.build.BuildVerb object at 0x7f119990ef80>>)
[4.302s] Level 1:colcon.colcon_core.package_discovery:discover_packages(colcon_meta) check parameters
[4.303s] Level 1:colcon.colcon_core.package_discovery:discover_packages(recursive) check parameters
[4.303s] Level 1:colcon.colcon_core.package_discovery:discover_packages(ignore) check parameters
[4.303s] Level 1:colcon.colcon_core.package_discovery:discover_packages(path) check parameters
[4.303s] Level 1:colcon.colcon_core.package_discovery:discover_packages(colcon_meta) discover
[4.303s] Level 1:colcon.colcon_core.package_discovery:discover_packages(recursive) discover
[4.303s] INFO:colcon.colcon_core.package_discovery:Crawling recursively for packages in '/root/ros2_ws'
[4.303s] Level 1:colcon.colcon_core.package_identification:_identify(.) by extensions ['ignore', 'ignore_ament_install']
[4.304s] Level 1:colcon.colcon_core.package_identification:_identify(.) by extension 'ignore'
[4.304s] Level 1:colcon.colcon_core.package_identification:_identify(.) by extension 'ignore_ament_install'
[4.304s] Level 1:colcon.colcon_core.package_identification:_identify(.) by extensions ['colcon_pkg']
[4.304s] Level 1:colcon.colcon_core.package_identification:_identify(.) by extension 'colcon_pkg'
[4.304s] Level 1:colcon.colcon_core.package_identification:_identify(.) by extensions ['colcon_meta']
[4.304s] Level 1:colcon.colcon_core.package_identification:_identify(.) by extension 'colcon_meta'
[4.304s] Level 1:colcon.colcon_core.package_identification:_identify(.) by extensions ['ros']
[4.304s] Level 1:colcon.colcon_core.package_identification:_identify(.) by extension 'ros'
[4.356s] Level 1:colcon.colcon_core.package_identification:_identify(.) by extensions ['cmake', 'python']
[4.356s] Level 1:colcon.colcon_core.package_identification:_identify(.) by extension 'cmake'
[4.357s] Level 1:colcon.colcon_core.package_identification:_identify(.) by extension 'python'
[4.357s] Level 1:colcon.colcon_core.package_identification:_identify(.) by extensions ['python_setup_py']
[4.357s] Level 1:colcon.colcon_core.package_identification:_identify(.) by extension 'python_setup_py'
[4.357s] Level 1:colcon.colcon_core.package_identification:_identify(build) by extensions ['ignore', 'ignore_ament_install']
[4.357s] Level 1:colcon.colcon_core.package_identification:_identify(build) by extension 'ignore'
[4.357s] Level 1:colcon.colcon_core.package_identification:_identify(build) ignored
[4.357s] Level 1:colcon.colcon_core.package_identification:_identify(install) by extensions ['ignore', 'ignore_ament_install']
[4.357s] Level 1:colcon.colcon_core.package_identification:_identify(install) by extension 'ignore'
[4.357s] Level 1:colcon.colcon_core.package_identification:_identify(install) ignored
[4.357s] Level 1:colcon.colcon_core.package_identification:_identify(log) by extensions ['ignore', 'ignore_ament_install']
[4.357s] Level 1:colcon.colcon_core.package_identification:_identify(log) by extension 'ignore'
[4.357s] Level 1:colcon.colcon_core.package_identification:_identify(log) ignored
[4.359s] Level 1:colcon.colcon_core.package_identification:_identify(src) by extensions ['ignore', 'ignore_ament_install']
[4.359s] Level 1:colcon.colcon_core.package_identification:_identify(src) by extension 'ignore'
[4.359s] Level 1:colcon.colcon_core.package_identification:_identify(src) by extension 'ignore_ament_install'
[4.359s] Level 1:colcon.colcon_core.package_identification:_identify(src) by extensions ['colcon_pkg']
[4.359s] Level 1:colcon.colcon_core.package_identification:_identify(src) by extension 'colcon_pkg'
[4.359s] Level 1:colcon.colcon_core.package_identification:_identify(src) by extensions ['colcon_meta']
[4.359s] Level 1:colcon.colcon_core.package_identification:_identify(src) by extension 'colcon_meta'
[4.359s] Level 1:colcon.colcon_core.package_identification:_identify(src) by extensions ['ros']
[4.359s] Level 1:colcon.colcon_core.package_identification:_identify(src) by extension 'ros'
[4.359s] Level 1:colcon.colcon_core.package_identification:_identify(src) by extensions ['cmake', 'python']
[4.359s] Level 1:colcon.colcon_core.package_identification:_identify(src) by extension 'cmake'
[4.359s] Level 1:colcon.colcon_core.package_identification:_identify(src) by extension 'python'
[4.359s] Level 1:colcon.colcon_core.package_identification:_identify(src) by extensions ['python_setup_py']
[4.359s] Level 1:colcon.colcon_core.package_identification:_identify(src) by extension 'python_setup_py'
[4.360s] Level 1:colcon.colcon_core.package_identification:_identify(src/my_robot_controller) by extensions ['ignore', 'ignore_ament_install']
[4.360s] Level 1:colcon.colcon_core.package_identification:_identify(src/my_robot_controller) by extension 'ignore'
[4.360s] Level 1:colcon.colcon_core.package_identification:_identify(src/my_robot_controller) by extension 'ignore_ament_install'
[4.361s] Level 1:colcon.colcon_core.package_identification:_identify(src/my_robot_controller) by extensions ['colcon_pkg']
[4.361s] Level 1:colcon.colcon_core.package_identification:_identify(src/my_robot_controller) by extension 'colcon_pkg'
[4.361s] Level 1:colcon.colcon_core.package_identification:_identify(src/my_robot_controller) by extensions ['colcon_meta']
[4.361s] Level 1:colcon.colcon_core.package_identification:_identify(src/my_robot_controller) by extension 'colcon_meta'
[4.361s] Level 1:colcon.colcon_core.package_identification:_identify(src/my_robot_controller) by extensions ['ros']
[4.361s] Level 1:colcon.colcon_core.package_identification:_identify(src/my_robot_controller) by extension 'ros'
[4.381s] DEBUG:colcon.colcon_core.package_identification:Package 'src/my_robot_controller' with type 'ros.ament_python' and name 'my_robot_controller'
[4.381s] Level 1:colcon.colcon_core.package_discovery:discover_packages(recursive) using defaults
[4.382s] Level 1:colcon.colcon_core.package_discovery:discover_packages(ignore) discover
[4.382s] Level 1:colcon.colcon_core.package_discovery:discover_packages(ignore) using defaults
[4.382s] Level 1:colcon.colcon_core.package_discovery:discover_packages(path) discover
[4.382s] Level 1:colcon.colcon_core.package_discovery:discover_packages(path) using defaults
[4.614s] Level 1:colcon.colcon_core.package_discovery:discover_packages(prefix_path) check parameters
[4.614s] Level 1:colcon.colcon_core.package_discovery:discover_packages(prefix_path) discover
[4.687s] DEBUG:colcon.colcon_installed_package_information.package_discovery:Found 1 installed packages in /root/ros2_ws/install
[4.711s] DEBUG:colcon.colcon_installed_package_information.package_discovery:Found 270 installed packages in /opt/ros/humble
[4.713s] Level 1:colcon.colcon_core.package_discovery:discover_packages(prefix_path) using defaults
[5.357s] Level 5:colcon.colcon_core.verb:set package 'my_robot_controller' build argument 'cmake_args' from command line to 'None'
[5.357s] Level 5:colcon.colcon_core.verb:set package 'my_robot_controller' build argument 'cmake_target' from command line to 'None'
[5.357s] Level 5:colcon.colcon_core.verb:set package 'my_robot_controller' build argument 'cmake_target_skip_unavailable' from command line to 'False'
[5.357s] Level 5:colcon.colcon_core.verb:set package 'my_robot_controller' build argument 'cmake_clean_cache' from command line to 'False'
[5.357s] Level 5:colcon.colcon_core.verb:set package 'my_robot_controller' build argument 'cmake_clean_first' from command line to 'False'
[5.357s] Level 5:colcon.colcon_core.verb:set package 'my_robot_controller' build argument 'cmake_force_configure' from command line to 'False'
[5.357s] Level 5:colcon.colcon_core.verb:set package 'my_robot_controller' build argument 'ament_cmake_args' from command line to 'None'
[5.357s] Level 5:colcon.colcon_core.verb:set package 'my_robot_controller' build argument 'catkin_cmake_args' from command line to 'None'
[5.357s] Level 5:colcon.colcon_core.verb:set package 'my_robot_controller' build argument 'catkin_skip_building_tests' from command line to 'False'
[5.357s] DEBUG:colcon.colcon_core.verb:Building package 'my_robot_controller' with the following arguments: {'ament_cmake_args': None, 'build_base': '/root/ros2_ws/build/my_robot_controller', 'catkin_cmake_args': None, 'catkin_skip_building_tests': False, 'cmake_args': None, 'cmake_clean_cache': False, 'cmake_clean_first': False, 'cmake_force_configure': False, 'cmake_target': None, 'cmake_target_skip_unavailable': False, 'install_base': '/root/ros2_ws/install/my_robot_controller', 'merge_install': False, 'path': '/root/ros2_ws/src/my_robot_controller', 'symlink_install': False, 'test_result_base': None}
[5.375s] INFO:colcon.colcon_core.executor:Executing jobs using 'parallel' executor
[5.393s] DEBUG:colcon.colcon_parallel_executor.executor.parallel:run_until_complete
[5.399s] INFO:colcon.colcon_ros.task.ament_python.build:Building ROS package in '/root/ros2_ws/src/my_robot_controller' with build type 'ament_python'
[5.400s] Level 1:colcon.colcon_core.shell:create_environment_hook('my_robot_controller', 'ament_prefix_path')
[5.459s] INFO:colcon.colcon_core.plugin_system:Skipping extension 'colcon_core.shell.bat': Not used on non-Windows systems
[5.459s] INFO:colcon.colcon_core.shell:Creating environment hook '/root/ros2_ws/install/my_robot_controller/share/my_robot_controller/hook/ament_prefix_path.ps1'
[5.470s] INFO:colcon.colcon_core.shell:Creating environment descriptor '/root/ros2_ws/install/my_robot_controller/share/my_robot_controller/hook/ament_prefix_path.dsv'
[5.474s] INFO:colcon.colcon_core.shell:Creating environment hook '/root/ros2_ws/install/my_robot_controller/share/my_robot_controller/hook/ament_prefix_path.sh'
[5.497s] INFO:colcon.colcon_core.shell:Skip shell extension 'powershell' for command environment: Not usable outside of PowerShell
[5.497s] DEBUG:colcon.colcon_core.shell:Skip shell extension 'dsv' for command environment
[6.537s] INFO:colcon.colcon_core.task.python.build:Building Python package in '/root/ros2_ws/src/my_robot_controller'
[6.553s] INFO:colcon.colcon_core.shell:Skip shell extension 'powershell' for command environment: Not usable outside of PowerShell
[6.553s] DEBUG:colcon.colcon_core.shell:Skip shell extension 'dsv' for command environment
[7.978s] DEBUG:colcon.colcon_core.event_handler.log_command:Invoking command in '/root/ros2_ws/src/my_robot_controller': PYTHONPATH=/root/ros2_ws/build/my_robot_controller/prefix_override:/root/ros2_ws/install/my_robot_controller/lib/python3.10/site-packages:${PYTHONPATH} /usr/bin/python3 setup.py egg_info --egg-base ../../build/my_robot_controller build --build-base /root/ros2_ws/build/my_robot_controller/build install --record /root/ros2_ws/build/my_robot_controller/install.log --single-version-externally-managed
[8.642s] DEBUG:colcon.colcon_core.event_handler.log_command:Invoked command in '/root/ros2_ws/src/my_robot_controller' returned '0': PYTHONPATH=/root/ros2_ws/build/my_robot_controller/prefix_override:/root/ros2_ws/install/my_robot_controller/lib/python3.10/site-packages:${PYTHONPATH} /usr/bin/python3 setup.py egg_info --egg-base ../../build/my_robot_controller build --build-base /root/ros2_ws/build/my_robot_controller/build install --record /root/ros2_ws/build/my_robot_controller/install.log --single-version-externally-managed
[8.680s] Level 1:colcon.colcon_core.environment:checking '/root/ros2_ws/install/my_robot_controller' for CMake module files
[8.686s] Level 1:colcon.colcon_core.environment:checking '/root/ros2_ws/install/my_robot_controller' for CMake config files
[8.689s] Level 1:colcon.colcon_core.environment:checking '/root/ros2_ws/install/my_robot_controller/lib'
[8.689s] Level 1:colcon.colcon_core.environment:checking '/root/ros2_ws/install/my_robot_controller/bin'
[8.689s] Level 1:colcon.colcon_core.environment:checking '/root/ros2_ws/install/my_robot_controller/lib/pkgconfig/my_robot_controller.pc'
[8.689s] Level 1:colcon.colcon_core.environment:checking '/root/ros2_ws/install/my_robot_controller/lib/python3.10/site-packages'
[8.689s] Level 1:colcon.colcon_core.shell:create_environment_hook('my_robot_controller', 'pythonpath')
[8.706s] INFO:colcon.colcon_core.shell:Creating environment hook '/root/ros2_ws/install/my_robot_controller/share/my_robot_controller/hook/pythonpath.ps1'
[8.708s] INFO:colcon.colcon_core.shell:Creating environment descriptor '/root/ros2_ws/install/my_robot_controller/share/my_robot_controller/hook/pythonpath.dsv'
[8.708s] INFO:colcon.colcon_core.shell:Creating environment hook '/root/ros2_ws/install/my_robot_controller/share/my_robot_controller/hook/pythonpath.sh'
[8.709s] Level 1:colcon.colcon_core.environment:checking '/root/ros2_ws/install/my_robot_controller/bin'
[8.709s] Level 1:colcon.colcon_core.environment:create_environment_scripts_only(my_robot_controller)
[8.730s] INFO:colcon.colcon_core.shell:Creating package script '/root/ros2_ws/install/my_robot_controller/share/my_robot_controller/package.ps1'
[8.736s] INFO:colcon.colcon_core.shell:Creating package descriptor '/root/ros2_ws/install/my_robot_controller/share/my_robot_controller/package.dsv'
[8.740s] INFO:colcon.colcon_core.shell:Creating package script '/root/ros2_ws/install/my_robot_controller/share/my_robot_controller/package.sh'
[8.742s] INFO:colcon.colcon_core.shell:Creating package script '/root/ros2_ws/install/my_robot_controller/share/my_robot_controller/package.bash'
[8.746s] INFO:colcon.colcon_core.shell:Creating package script '/root/ros2_ws/install/my_robot_controller/share/my_robot_controller/package.zsh'
[8.749s] Level 1:colcon.colcon_core.environment:create_file_with_runtime_dependencies(/root/ros2_ws/install/my_robot_controller/share/colcon-core/packages/my_robot_controller)
[8.750s] DEBUG:colcon.colcon_parallel_executor.executor.parallel:closing loop
[8.752s] DEBUG:colcon.colcon_parallel_executor.executor.parallel:loop closed
[8.752s] DEBUG:colcon.colcon_parallel_executor.executor.parallel:run_until_complete finished with '0'
[8.752s] DEBUG:colcon.colcon_core.event_reactor:joining thread
[9.014s] INFO:colcon.colcon_core.plugin_system:Skipping extension 'colcon_notification.desktop_notification.notify_send': Could not find 'notify-send'
[9.014s] INFO:colcon.colcon_core.plugin_system:Skipping extension 'colcon_notification.desktop_notification.terminal_notifier': Not used on non-Darwin systems
[9.014s] INFO:colcon.colcon_core.plugin_system:Skipping extension 'colcon_notification.desktop_notification.win32': Not used on non-Windows systems
[9.014s] INFO:colcon.colcon_notification.desktop_notification:Sending desktop notification using 'notify2'
[9.154s] DEBUG:colcon.colcon_notification.desktop_notification.notify2:Failed to initialize notify2: org.freedesktop.DBus.Error.ServiceUnknown: The name org.freedesktop.Notifications was not provided by any .service files
[9.154s] DEBUG:colcon.colcon_core.event_reactor:joined thread
[9.176s] INFO:colcon.colcon_core.shell:Creating prefix script '/root/ros2_ws/install/local_setup.ps1'
[9.185s] INFO:colcon.colcon_core.shell:Creating prefix util module '/root/ros2_ws/install/_local_setup_util_ps1.py'
[9.188s] INFO:colcon.colcon_core.shell:Creating prefix chain script '/root/ros2_ws/install/setup.ps1'
[9.209s] INFO:colcon.colcon_core.shell:Creating prefix script '/root/ros2_ws/install/local_setup.sh'
[9.210s] INFO:colcon.colcon_core.shell:Creating prefix util module '/root/ros2_ws/install/_local_setup_util_sh.py'
[9.211s] INFO:colcon.colcon_core.shell:Creating prefix chain script '/root/ros2_ws/install/setup.sh'
[9.228s] INFO:colcon.colcon_core.shell:Creating prefix script '/root/ros2_ws/install/local_setup.bash'
[9.230s] INFO:colcon.colcon_core.shell:Creating prefix chain script '/root/ros2_ws/install/setup.bash'
[9.244s] INFO:colcon.colcon_core.shell:Creating prefix script '/root/ros2_ws/install/local_setup.zsh'
[9.245s] INFO:colcon.colcon_core.shell:Creating prefix chain script '/root/ros2_ws/install/setup.zsh'
