[2.741s] Invoking command in '/root/ros2_ws/src/my_robot_controller': PYTHONPATH=/root/ros2_ws/build/my_robot_controller/prefix_override:/root/ros2_ws/install/my_robot_controller/lib/python3.10/site-packages:${PYTHONPATH} /usr/bin/python3 setup.py egg_info --egg-base ../../build/my_robot_controller build --build-base /root/ros2_ws/build/my_robot_controller/build install --record /root/ros2_ws/build/my_robot_controller/install.log --single-version-externally-managed
[3.066s] running egg_info
[3.067s] creating ../../build/my_robot_controller/my_robot_controller.egg-info
[3.067s] writing ../../build/my_robot_controller/my_robot_controller.egg-info/PKG-INFO
[3.069s] writing dependency_links to ../../build/my_robot_controller/my_robot_controller.egg-info/dependency_links.txt
[3.070s] writing entry points to ../../build/my_robot_controller/my_robot_controller.egg-info/entry_points.txt
[3.070s] writing requirements to ../../build/my_robot_controller/my_robot_controller.egg-info/requires.txt
[3.070s] writing top-level names to ../../build/my_robot_controller/my_robot_controller.egg-info/top_level.txt
[3.071s] writing manifest file '../../build/my_robot_controller/my_robot_controller.egg-info/SOURCES.txt'
[3.074s] reading manifest file '../../build/my_robot_controller/my_robot_controller.egg-info/SOURCES.txt'
[3.075s] writing manifest file '../../build/my_robot_controller/my_robot_controller.egg-info/SOURCES.txt'
[3.075s] running build
[3.076s] running build_py
[3.076s] creating /root/ros2_ws/build/my_robot_controller/build
[3.077s] creating /root/ros2_ws/build/my_robot_controller/build/lib
[3.077s] creating /root/ros2_ws/build/my_robot_controller/build/lib/my_robot_controller
[3.077s] copying my_robot_controller/__init__.py -> /root/ros2_ws/build/my_robot_controller/build/lib/my_robot_controller
[3.078s] running install
[3.080s] /usr/lib/python3/dist-packages/setuptools/command/install.py:34: SetuptoolsDeprecationWarning: setup.py install is deprecated. Use build and pip and other standards-based tools.
[3.080s]   warnings.warn(
[3.081s] running install_lib
[3.084s] creating /root/ros2_ws/install/my_robot_controller/lib/python3.10/site-packages/my_robot_controller
[3.084s] copying /root/ros2_ws/build/my_robot_controller/build/lib/my_robot_controller/__init__.py -> /root/ros2_ws/install/my_robot_controller/lib/python3.10/site-packages/my_robot_controller
[3.086s] byte-compiling /root/ros2_ws/install/my_robot_controller/lib/python3.10/site-packages/my_robot_controller/__init__.py to __init__.cpython-310.pyc
[3.089s] running install_data
[3.090s] creating /root/ros2_ws/install/my_robot_controller/share/ament_index
[3.091s] creating /root/ros2_ws/install/my_robot_controller/share/ament_index/resource_index
[3.093s] creating /root/ros2_ws/install/my_robot_controller/share/ament_index/resource_index/packages
[3.097s] copying resource/my_robot_controller -> /root/ros2_ws/install/my_robot_controller/share/ament_index/resource_index/packages
[3.098s] copying package.xml -> /root/ros2_ws/install/my_robot_controller/share/my_robot_controller
[3.098s] running install_egg_info
[3.119s] Copying ../../build/my_robot_controller/my_robot_controller.egg-info to /root/ros2_ws/install/my_robot_controller/lib/python3.10/site-packages/my_robot_controller-0.0.0-py3.10.egg-info
[3.124s] running install_scripts
[3.545s] writing list of installed files to '/root/ros2_ws/build/my_robot_controller/install.log'
[3.607s] Invoked command in '/root/ros2_ws/src/my_robot_controller' returned '0': PYTHONPATH=/root/ros2_ws/build/my_robot_controller/prefix_override:/root/ros2_ws/install/my_robot_controller/lib/python3.10/site-packages:${PYTHONPATH} /usr/bin/python3 setup.py egg_info --egg-base ../../build/my_robot_controller build --build-base /root/ros2_ws/build/my_robot_controller/build install --record /root/ros2_ws/build/my_robot_controller/install.log --single-version-externally-managed
